1492616170885	geckodriver	INFO	Listening on 127.0.0.1:65135
1492616173122	mozprofile::profile	INFO	Using profile path /var/folders/fl/0xk017xd6kddgpfkf7x46ym00000gn/T/rust_mozprofile.nYVWPAl4Vh40
1492616173124	geckodriver::marionette	INFO	Starting browser /Applications/Firefox.app/Contents/MacOS/firefox-bin with args []
1492616173353	geckodriver::marionette	INFO	Connecting to Marionette on localhost:65144
1492616179213	Marionette	INFO	Listening on port 65144
1492616182267	Marionette	WARN	TLS certificate errors will be ignored for this session
2017-04-19 17:36:30.165 plugin-container[19467:505086] *** CFMessagePort: bootstrap_register(): failed 1100 (0x44c) 'Permission denied', port = 0x953b, name = 'com.apple.tsm.portname'
See /usr/include/servers/bootstrap_defs.h for the error codes.
2017-04-19 17:36:30.275 plugin-container[19467:505086] *** CFMessagePort: bootstrap_register(): failed 1100 (0x44c) 'Permission denied', port = 0x9803, name = 'com.apple.CFPasteboardClient'
See /usr/include/servers/bootstrap_defs.h for the error codes.
JavaScript error: chrome://browser/content/places/browserPlacesViews.js, line 263: TypeError: this.controller is undefined
JavaScript error: chrome://browser/content/places/browserPlacesViews.js, line 263: TypeError: this.controller is undefined
2017-04-19 17:43:58.840 plugin-container[19467:507214] Error loading /Library/Audio/Plug-Ins/HAL/JackRouter.plugin/Contents/MacOS/JackRouter:  dlopen(/Library/Audio/Plug-Ins/HAL/JackRouter.plugin/Contents/MacOS/JackRouter, 262): Library not loaded: /System/Library/Frameworks/Jackmp.framework/Versions/A/Jackmp
  Referenced from: /Library/Audio/Plug-Ins/HAL/JackRouter.plugin/Contents/MacOS/JackRouter
  Reason: image not found
2017-04-19 17:43:58.860 plugin-container[19467:507214] Cannot find function pointer New_JackRouterPlugIn for factory 7CB18864-927D-48B5-904C-CCFBCFBC7ADD in CFBundle/CFPlugIn 0x7fa73803c0c0 </Library/Audio/Plug-Ins/HAL/JackRouter.plugin> (bundle, not loaded)
1492616794704	Marionette	INFO	Listening on port 65144
2017-04-19 17:46:37.370 plugin-container[19606:509557] *** CFMessagePort: bootstrap_register(): failed 1100 (0x44c) 'Permission denied', port = 0x933b, name = 'com.apple.tsm.portname'
See /usr/include/servers/bootstrap_defs.h for the error codes.
2017-04-19 17:46:37.375 plugin-container[19606:509557] *** CFMessagePort: bootstrap_register(): failed 1100 (0x44c) 'Permission denied', port = 0x9603, name = 'com.apple.CFPasteboardClient'
See /usr/include/servers/bootstrap_defs.h for the error codes.
2017-04-19 17:46:37.612 plugin-container[19608:509597] *** CFMessagePort: bootstrap_register(): failed 1100 (0x44c) 'Permission denied', port = 0x9437, name = 'com.apple.tsm.portname'
See /usr/include/servers/bootstrap_defs.h for the error codes.
2017-04-19 17:46:37.613 plugin-container[19608:509597] *** CFMessagePort: bootstrap_register(): failed 1100 (0x44c) 'Permission denied', port = 0x9703, name = 'com.apple.CFPasteboardClient'
See /usr/include/servers/bootstrap_defs.h for the error codes.
*************************
A coding exception was thrown and uncaught in a Task.

Full message: TypeError: NetworkError when attempting to fetch resource.
Full stack: 
*************************
1492617028658	geckodriver	INFO	Listening on 127.0.0.1:65458
1492617029663	mozprofile::profile	INFO	Using profile path /var/folders/fl/0xk017xd6kddgpfkf7x46ym00000gn/T/rust_mozprofile.bXGVzZ3jNZLm
1492617029665	geckodriver::marionette	INFO	Starting browser /Applications/Firefox.app/Contents/MacOS/firefox-bin with args []
1492617029698	geckodriver::marionette	INFO	Connecting to Marionette on localhost:65467
1492617033094	Marionette	INFO	Listening on port 65467
1492617034489	Marionette	WARN	TLS certificate errors will be ignored for this session
2017-04-19 17:50:37.300 plugin-container[19690:511893] *** CFMessagePort: bootstrap_register(): failed 1100 (0x44c) 'Permission denied', port = 0x933b, name = 'com.apple.tsm.portname'
See /usr/include/servers/bootstrap_defs.h for the error codes.
2017-04-19 17:50:37.301 plugin-container[19690:511893] *** CFMessagePort: bootstrap_register(): failed 1100 (0x44c) 'Permission denied', port = 0x9603, name = 'com.apple.CFPasteboardClient'
See /usr/include/servers/bootstrap_defs.h for the error codes.
*************************
A coding exception was thrown and uncaught in a Task.

Full message: TypeError: this.addon._repositoryAddon is null
Full stack: loadManifest/<@resource://gre/modules/addons/XPIProvider.jsm:5777:7
TaskImpl_run@resource://gre/modules/Task.jsm:319:42
Handler.prototype.process@resource://gre/modules/Promise.jsm -> resource://gre/modules/Promise-backend.js:932:23
this.PromiseWalker.walkerLoop@resource://gre/modules/Promise.jsm -> resource://gre/modules/Promise-backend.js:813:7
this.PromiseWalker.scheduleWalkerLoop/<@resource://gre/modules/Promise.jsm -> resource://gre/modules/Promise-backend.js:747:11

*************************
*************************
A coding exception was thrown in a Promise rejection callback.
See https://developer.mozilla.org/Mozilla/JavaScript_code_modules/Promise.jsm/Promise

Full message: TypeError: (destructured parameter) is not iterable
Full stack: onStopRequest/<@resource://gre/modules/addons/XPIProvider.jsm:6504:1
Handler.prototype.process@resource://gre/modules/Promise.jsm -> resource://gre/modules/Promise-backend.js:935:21
this.PromiseWalker.walkerLoop@resource://gre/modules/Promise.jsm -> resource://gre/modules/Promise-backend.js:813:7
this.PromiseWalker.scheduleWalkerLoop/<@resource://gre/modules/Promise.jsm -> resource://gre/modules/Promise-backend.js:747:11

*************************
JavaScript error: chrome://browser/content/places/browserPlacesViews.js, line 263: TypeError: this.controller is undefined
[Child 19690] ###!!! ABORT: Aborting on channel error.: file /builds/slave/m-rel-m64-00000000000000000000/build/src/ipc/glue/MessageChannel.cpp, line 2143
[Child 19690] ###!!! ABORT: Aborting on channel error.: file /builds/slave/m-rel-m64-00000000000000000000/build/src/ipc/glue/MessageChannel.cpp, line 2143
1492619114312	geckodriver	INFO	Listening on 127.0.0.1:49575
1492619115236	mozprofile::profile	INFO	Using profile path /var/folders/fl/0xk017xd6kddgpfkf7x46ym00000gn/T/rust_mozprofile.3h5dd0iLppKG
1492619115237	geckodriver::marionette	INFO	Starting browser /Applications/Firefox.app/Contents/MacOS/firefox-bin with args []
1492619115253	geckodriver::marionette	INFO	Connecting to Marionette on localhost:49584
1492619120063	Marionette	INFO	Listening on port 49584
1492619120324	Marionette	WARN	TLS certificate errors will be ignored for this session
2017-04-19 18:25:21.280 plugin-container[19998:521735] *** CFMessagePort: bootstrap_register(): failed 1100 (0x44c) 'Permission denied', port = 0x943b, name = 'com.apple.tsm.portname'
See /usr/include/servers/bootstrap_defs.h for the error codes.
2017-04-19 18:25:21.285 plugin-container[19998:521735] *** CFMessagePort: bootstrap_register(): failed 1100 (0x44c) 'Permission denied', port = 0x9703, name = 'com.apple.CFPasteboardClient'
See /usr/include/servers/bootstrap_defs.h for the error codes.
1492619180918	addons.productaddons	WARN	Failed downloading via XHR, status: 0, reason: error
1492619181276	addons.productaddons	WARN	Failed downloading via XHR, status: 0, reason: error
1492619203625	geckodriver	INFO	Listening on 127.0.0.1:49704
1492619205720	mozprofile::profile	INFO	Using profile path /var/folders/fl/0xk017xd6kddgpfkf7x46ym00000gn/T/rust_mozprofile.UQTL11FqovF1
1492619205723	geckodriver::marionette	INFO	Starting browser /Applications/Firefox.app/Contents/MacOS/firefox-bin with args []
1492619205865	geckodriver::marionette	INFO	Connecting to Marionette on localhost:49713
1492619228084	Marionette	INFO	Listening on port 49713
1492619228163	Marionette	WARN	TLS certificate errors will be ignored for this session
2017-04-19 18:27:09.518 plugin-container[20035:522737] *** CFMessagePort: bootstrap_register(): failed 1100 (0x44c) 'Permission denied', port = 0x9437, name = 'com.apple.tsm.portname'
See /usr/include/servers/bootstrap_defs.h for the error codes.
2017-04-19 18:27:09.523 plugin-container[20035:522737] *** CFMessagePort: bootstrap_register(): failed 1100 (0x44c) 'Permission denied', port = 0x9703, name = 'com.apple.CFPasteboardClient'
See /usr/include/servers/bootstrap_defs.h for the error codes.
1492632166671	geckodriver	INFO	Listening on 127.0.0.1:51281
1492632169343	mozprofile::profile	INFO	Using profile path /var/folders/fl/0xk017xd6kddgpfkf7x46ym00000gn/T/rust_mozprofile.nParmUncvO8H
1492632169361	geckodriver::marionette	INFO	Starting browser /Applications/Firefox.app/Contents/MacOS/firefox-bin with args []
1492632169425	geckodriver::marionette	INFO	Connecting to Marionette on localhost:51292
1492632216872	Marionette	INFO	Listening on port 51292
1492632224106	Marionette	WARN	TLS certificate errors will be ignored for this session
2017-04-19 22:04:11.308 plugin-container[20997:550615] *** CFMessagePort: bootstrap_register(): failed 1100 (0x44c) 'Permission denied', port = 0x9747, name = 'com.apple.tsm.portname'
See /usr/include/servers/bootstrap_defs.h for the error codes.
2017-04-19 22:04:11.418 plugin-container[20997:550615] *** CFMessagePort: bootstrap_register(): failed 1100 (0x44c) 'Permission denied', port = 0x1e13, name = 'com.apple.CFPasteboardClient'
See /usr/include/servers/bootstrap_defs.h for the error codes.
1492697460031	geckodriver	INFO	Listening on 127.0.0.1:55089
1492697461778	mozprofile::profile	INFO	Using profile path /var/folders/fl/0xk017xd6kddgpfkf7x46ym00000gn/T/rust_mozprofile.gQUpH3zM0NM8
1492697461779	geckodriver::marionette	INFO	Starting browser /Applications/Firefox.app/Contents/MacOS/firefox-bin with args []
1492697461836	geckodriver::marionette	INFO	Connecting to Marionette on localhost:55098
1492697506256	Marionette	INFO	Listening on port 55098
1492697508311	Marionette	WARN	TLS certificate errors will be ignored for this session
2017-04-20 16:11:58.813 plugin-container[25586:624909] *** CFMessagePort: bootstrap_register(): failed 1100 (0x44c) 'Permission denied', port = 0x973b, name = 'com.apple.tsm.portname'
See /usr/include/servers/bootstrap_defs.h for the error codes.
2017-04-20 16:11:58.856 plugin-container[25586:624909] *** CFMessagePort: bootstrap_register(): failed 1100 (0x44c) 'Permission denied', port = 0x9a03, name = 'com.apple.CFPasteboardClient'
See /usr/include/servers/bootstrap_defs.h for the error codes.
1492770826456	geckodriver	INFO	Listening on 127.0.0.1:53786
1492770828909	mozprofile::profile	INFO	Using profile path /var/folders/fl/0xk017xd6kddgpfkf7x46ym00000gn/T/rust_mozprofile.qL4mR4FivkX0
1492770828911	geckodriver::marionette	INFO	Starting browser /Applications/Firefox.app/Contents/MacOS/firefox-bin with args []
1492770829173	geckodriver::marionette	INFO	Connecting to Marionette on localhost:53795
1492770948054	geckodriver	INFO	Listening on 127.0.0.1:55019
1492770951862	mozprofile::profile	INFO	Using profile path /var/folders/fl/0xk017xd6kddgpfkf7x46ym00000gn/T/rust_mozprofile.0b4W8TB3gDRE
1492770952074	geckodriver::marionette	INFO	Starting browser /Applications/Firefox.app/Contents/MacOS/firefox-bin with args []
1492770953059	geckodriver::marionette	INFO	Connecting to Marionette on localhost:55030
2017-04-21 12:36:53.892 plugin-container[2939:93036] *** CFMessagePort: bootstrap_register(): failed 1100 (0x44c) 'Permission denied', port = 0x953b, name = 'com.apple.tsm.portname'
See /usr/include/servers/bootstrap_defs.h for the error codes.
2017-04-21 12:36:53.946 plugin-container[2939:93036] *** CFMessagePort: bootstrap_register(): failed 1100 (0x44c) 'Permission denied', port = 0x9903, name = 'com.apple.CFPasteboardClient'
See /usr/include/servers/bootstrap_defs.h for the error codes.
Invalid connection: com.apple.coresymbolicationd
1492771039796	Marionette	INFO	Listening on port 53795
1492771094545	geckodriver	INFO	Listening on 127.0.0.1:56273
1492771100842	mozprofile::profile	INFO	Using profile path /var/folders/fl/0xk017xd6kddgpfkf7x46ym00000gn/T/rust_mozprofile.BoYI58nlyX33
1492771101750	geckodriver::marionette	INFO	Starting browser /Applications/Firefox.app/Contents/MacOS/firefox-bin with args []
1492771102342	geckodriver::marionette	INFO	Connecting to Marionette on localhost:56286
2017-04-21 12:39:13.629 plugin-container[3013:95273] *** CFMessagePort: bootstrap_register(): failed 1100 (0x44c) 'Permission denied', port = 0x963b, name = 'com.apple.tsm.portname'
See /usr/include/servers/bootstrap_defs.h for the error codes.
2017-04-21 12:39:13.846 plugin-container[3013:95273] *** CFMessagePort: bootstrap_register(): failed 1100 (0x44c) 'Permission denied', port = 0x9b03, name = 'com.apple.CFPasteboardClient'
See /usr/include/servers/bootstrap_defs.h for the error codes.
1492771207270	geckodriver	INFO	Listening on 127.0.0.1:56871
1492771211070	mozprofile::profile	INFO	Using profile path /var/folders/fl/0xk017xd6kddgpfkf7x46ym00000gn/T/rust_mozprofile.Y0BSKinS1TZF
1492771211224	geckodriver::marionette	INFO	Starting browser /Applications/Firefox.app/Contents/MacOS/firefox-bin with args []
1492771213166	geckodriver::marionette	INFO	Connecting to Marionette on localhost:56880
2017-04-21 12:41:16.565 plugin-container[3094:97392] *** CFMessagePort: bootstrap_register(): failed 1100 (0x44c) 'Permission denied', port = 0x953b, name = 'com.apple.tsm.portname'
See /usr/include/servers/bootstrap_defs.h for the error codes.
2017-04-21 12:41:16.630 plugin-container[3094:97392] *** CFMessagePort: bootstrap_register(): failed 1100 (0x44c) 'Permission denied', port = 0x9903, name = 'com.apple.CFPasteboardClient'
See /usr/include/servers/bootstrap_defs.h for the error codes.
1492771283180	Marionette	INFO	Listening on port 56880
JavaScript error: resource://app/modules/BrowserUsageTelemetry.jsm, line 303: NS_ERROR_FAILURE: Component returned failure code: 0x80004005 (NS_ERROR_FAILURE) [nsIObserverService.removeObserver]
1492771447351	geckodriver	INFO	Listening on 127.0.0.1:58159
1492771449099	mozprofile::profile	INFO	Using profile path /var/folders/fl/0xk017xd6kddgpfkf7x46ym00000gn/T/rust_mozprofile.7wHCC2NLJNIC
1492771449161	geckodriver::marionette	INFO	Starting browser /Applications/Firefox.app/Contents/MacOS/firefox-bin with args []
1492771449284	geckodriver::marionette	INFO	Connecting to Marionette on localhost:58168
1492771477061	Marionette	INFO	Listening on port 58168
1492771477400	Marionette	WARN	TLS certificate errors will be ignored for this session
2017-04-21 12:44:45.749 plugin-container[3131:99386] *** CFMessagePort: bootstrap_register(): failed 1100 (0x44c) 'Permission denied', port = 0x953b, name = 'com.apple.tsm.portname'
See /usr/include/servers/bootstrap_defs.h for the error codes.
2017-04-21 12:44:45.784 plugin-container[3131:99386] *** CFMessagePort: bootstrap_register(): failed 1100 (0x44c) 'Permission denied', port = 0x9803, name = 'com.apple.CFPasteboardClient'
See /usr/include/servers/bootstrap_defs.h for the error codes.
JavaScript warning: https://mathid.mathtag.com/device/id.js, line 1: unreachable code after return statement
2017-04-21 13:58:50.051 plugin-container[3131:99386] Error loading /Library/Audio/Plug-Ins/HAL/JackRouter.plugin/Contents/MacOS/JackRouter:  dlopen(/Library/Audio/Plug-Ins/HAL/JackRouter.plugin/Contents/MacOS/JackRouter, 262): Library not loaded: /System/Library/Frameworks/Jackmp.framework/Versions/A/Jackmp
  Referenced from: /Library/Audio/Plug-Ins/HAL/JackRouter.plugin/Contents/MacOS/JackRouter
  Reason: image not found
2017-04-21 13:58:50.052 plugin-container[3131:99386] Cannot find function pointer New_JackRouterPlugIn for factory 7CB18864-927D-48B5-904C-CCFBCFBC7ADD in CFBundle/CFPlugIn 0x165535b80 </Library/Audio/Plug-Ins/HAL/JackRouter.plugin> (bundle, not loaded)
*************************
A coding exception was thrown and uncaught in a Task.

Full message: TypeError: NetworkError when attempting to fetch resource.
Full stack: 
*************************
1492782414661	geckodriver	INFO	Listening on 127.0.0.1:59166
1492782417518	mozprofile::profile	INFO	Using profile path /var/folders/fl/0xk017xd6kddgpfkf7x46ym00000gn/T/rust_mozprofile.5G2V8oikyFr4
1492782417709	geckodriver::marionette	INFO	Starting browser /Applications/Firefox.app/Contents/MacOS/firefox-bin with args []
1492782417727	geckodriver::marionette	INFO	Connecting to Marionette on localhost:59175
1492782462389	Marionette	INFO	Listening on port 59175
1492782462773	Marionette	WARN	TLS certificate errors will be ignored for this session
2017-04-21 15:47:44.705 plugin-container[3720:113042] *** CFMessagePort: bootstrap_register(): failed 1100 (0x44c) 'Permission denied', port = 0x973b, name = 'com.apple.tsm.portname'
See /usr/include/servers/bootstrap_defs.h for the error codes.
2017-04-21 15:47:44.710 plugin-container[3720:113042] *** CFMessagePort: bootstrap_register(): failed 1100 (0x44c) 'Permission denied', port = 0x9903, name = 'com.apple.CFPasteboardClient'
See /usr/include/servers/bootstrap_defs.h for the error codes.
*************************
A coding exception was thrown and uncaught in a Task.

Full message: TypeError: NetworkError when attempting to fetch resource.
Full stack: 
*************************
2017-04-21 16:16:12.778 firefox-bin[3718:112549] -deltaZ is deprecated for NSEventTypeMagnify.  Please use -magnification.
